[2017.01.30-11.06.36:514][  0]Log file open, 01/30/17 13:06:36
[2017.01.30-11.06.36:514][  0]LogInit:Display: Running engine for game: Forgotten_Blades
[2017.01.30-11.06.36:514][  0]LogPlatformFile: Not using cached read wrapper
[2017.01.30-11.06.36:514][  0]LogInit:Display: RandInit(1335003784) SRandInit(1335003786).
[2017.01.30-11.06.36:514][  0]LogTaskGraph: Started task graph with 4 named threads and 5 total threads.
[2017.01.30-11.06.36:514][  0]LogStats: Stats thread started at 0.069938
[2017.01.30-11.06.36:514][  0]LogInit: Version: 4.10.4-2872498+++depot+UE4-Releases+4.10
[2017.01.30-11.06.36:514][  0]LogInit: API Version: 2758231
[2017.01.30-11.06.36:514][  0]LogInit: Compiled (64-bit): Feb 18 2016 15:47:04
[2017.01.30-11.06.36:514][  0]LogInit: Compiled with Visual C++: 19.00.23026.00
[2017.01.30-11.06.36:514][  0]LogInit: Build Configuration: Development
[2017.01.30-11.06.36:514][  0]LogInit: Branch Name: ++depot+UE4-Releases+4.10
[2017.01.30-11.06.36:514][  0]LogInit: Command line:  
[2017.01.30-11.06.36:514][  0]LogInit: Base directory: E:/Epic Games/4.10/Engine/Binaries/Win64/
[2017.01.30-11.06.36:514][  0]LogInit: Rocket: 1
[2017.01.30-11.06.36:525][  0]LogInit: Using libcurl 7.41.0
[2017.01.30-11.06.36:525][  0]LogInit:  - built for x86_64-pc-win32
[2017.01.30-11.06.36:525][  0]LogInit:  - supports SSL with WinSSL
[2017.01.30-11.06.36:525][  0]LogInit:  - other features:
[2017.01.30-11.06.36:525][  0]LogInit:      CURL_VERSION_SSL
[2017.01.30-11.06.36:525][  0]LogInit:      CURL_VERSION_IPV6
[2017.01.30-11.06.36:525][  0]LogInit:      CURL_VERSION_ASYNCHDNS
[2017.01.30-11.06.36:525][  0]LogInit:      CURL_VERSION_LARGEFILE
[2017.01.30-11.06.36:525][  0]LogInit:      CURL_VERSION_IDN
[2017.01.30-11.06.36:525][  0]LogInit:  CurlRequestOptions (configurable via config and command line):
[2017.01.30-11.06.36:525][  0]LogInit:  - bVerifyPeer = true  - Libcurl will verify peer certificate
[2017.01.30-11.06.36:525][  0]LogInit:  - bUseHttpProxy = false  - Libcurl will NOT use HTTP proxy
[2017.01.30-11.06.36:525][  0]LogInit:  - bDontReuseConnections = false  - Libcurl will reuse connections
[2017.01.30-11.06.36:525][  0]LogInit:  - CertBundlePath = nullptr  - Libcurl will use whatever was configured at build time.
[2017.01.30-11.06.36:537][  0]LogInit: Presizing for 0 objects not considered by GC, pre-allocating 0 bytes.
[2017.01.30-11.06.36:546][  0]LogInit: Object subsystem initialized
[2017.01.30-11.06.36:547][  0]LogInit: Selected Device Profile: [Windows]
[2017.01.30-11.06.36:547][  0]LogInit: Applying CVar settings loaded from the selected device profile: [Windows]
[2017.01.30-11.06.36:557][  0]LogInit: Computer: AHMED-PC
[2017.01.30-11.06.36:557][  0]LogInit: User: ahmed
[2017.01.30-11.06.36:557][  0]LogInit: CPU Page size=4096, Cores=2
[2017.01.30-11.06.36:557][  0]LogInit: High frequency timer resolution =2.338359 MHz
[2017.01.30-11.06.36:557][  0]LogMemory: Memory total: Physical=5.9GB (6GB approx)
[2017.01.30-11.06.36:557][  0]LogMemory: Platform Memory Stats for Windows
[2017.01.30-11.06.36:557][  0]LogMemory: Process Physical Memory: 58.42 MB used, 58.42 MB peak
[2017.01.30-11.06.36:557][  0]LogMemory: Process Virtual Memory: 58.50 MB used, 58.50 MB peak
[2017.01.30-11.06.36:557][  0]LogMemory: Physical Memory: 3421.15 MB used, 6040.36 MB total
[2017.01.30-11.06.36:557][  0]LogMemory: Virtual Memory: 363.20 MB used, 8388608.00 MB total
[2017.01.30-11.06.36:641][  0]LogTextLocalizationManager: No translations for ('ar-EG') exist, falling back to 'en' for localization and internationalization data.
[2017.01.30-11.06.37:335][  0]LogD3D11RHI: Found D3D11 adapter 0: NVIDIA GeForce 840M (Feature Level 11_0)
[2017.01.30-11.06.37:335][  0]LogD3D11RHI: Adapter has 1976MB of dedicated video memory, 0MB of dedicated system memory, and 2048MB of shared system memory, 1 output[s]
[2017.01.30-11.06.37:356][  0]LogD3D11RHI: Found D3D11 adapter 1: NVIDIA GeForce 840M (Feature Level 11_0)
[2017.01.30-11.06.37:356][  0]LogD3D11RHI: Adapter has 1976MB of dedicated video memory, 0MB of dedicated system memory, and 2048MB of shared system memory, 0 output[s]
[2017.01.30-11.06.37:356][  0]LogD3D11RHI: Chosen D3D11 Adapter Id = 0
[2017.01.30-11.06.37:367][  0]LogD3D11RHI: !Direct3DDevice
[2017.01.30-11.06.37:367][  0]LogRHI: Texture pool is 1361 MB (70% of 1945 MB)
[2017.01.30-11.06.37:387][  0]LogD3D11RHI: Async texture creation enabled
[2017.01.30-11.06.37:402][  0]LogShaderCompilers: Guid format shader working directory is 0 characters bigger than the processId version (../../../../../Unreal Project/Forgotten_Blades/Intermediate/Shaders/WorkingDirectory/6416/).
[2017.01.30-11.06.37:402][  0]LogShaderCompilers: Cleaned the shader compiler working directory 'C:/Users/ahmed/AppData/Local/Temp/UnrealShaderWorkingDir/CBC84CF24B39E1775CA1CE9B972A2C9E/'.
[2017.01.30-11.06.37:402][  0]LogShaderCompilers:Display: Using Local Shader Compiler.
[2017.01.30-11.06.38:529][  0]LogTemp:Display: Loaded TP AllDesktopTargetPlatform
[2017.01.30-11.06.38:538][  0]LogTemp:Display: Loaded TP WindowsClientTargetPlatform
[2017.01.30-11.06.38:546][  0]LogTemp:Display: Loaded TP WindowsNoEditorTargetPlatform
[2017.01.30-11.06.38:554][  0]LogTemp:Display: Loaded TP WindowsServerTargetPlatform
[2017.01.30-11.06.38:562][  0]LogTemp:Display: Loaded TP WindowsTargetPlatform
[2017.01.30-11.06.38:566][  0]LogTemp:Display: Loaded TP AndroidTargetPlatform
[2017.01.30-11.06.38:573][  0]LogTemp:Display: Loaded TP Android_ASTCTargetPlatform
[2017.01.30-11.06.38:580][  0]LogTemp:Display: Loaded TP Android_ATCTargetPlatform
[2017.01.30-11.06.38:585][  0]LogTemp:Display: Loaded TP Android_DXTTargetPlatform
[2017.01.30-11.06.38:590][  0]LogTemp:Display: Loaded TP Android_ETC1TargetPlatform
[2017.01.30-11.06.38:596][  0]LogTemp:Display: Loaded TP Android_ETC2TargetPlatform
[2017.01.30-11.06.38:607][  0]LogTemp:Display: Loaded TP Android_MultiTargetPlatform
[2017.01.30-11.06.38:607][  0]LogTemp:Display: Loaded TP Android_PVRTCTargetPlatform
[2017.01.30-11.06.38:610][  0]LogTemp:Display: Loaded TP HTML5TargetPlatform
[2017.01.30-11.06.38:630][  0]LogTemp:Display: Loaded TP IOSTargetPlatform
[2017.01.30-11.06.38:635][  0]LogTemp:Display: Loaded TP LinuxNoEditorTargetPlatform
[2017.01.30-11.06.38:641][  0]LogTemp:Display: Loaded TP LinuxServerTargetPlatform
[2017.01.30-11.06.38:646][  0]LogTemp:Display: Loaded TP LinuxTargetPlatform
[2017.01.30-11.06.38:646][  0]LogTargetPlatformManager:Display: Building Assets For Windows
[2017.01.30-11.06.38:779][  0]LogDerivedDataCache:Display: Max Cache Size: 512 MB
[2017.01.30-11.06.38:844][  0]LogDerivedDataCache: Loaded boot cache 0.07s 44MB C:/Users/ahmed/AppData/Local/UnrealEngine/4.10/DerivedDataCache/Boot.ddc.
[2017.01.30-11.06.38:844][  0]LogDerivedDataCache:Display: Loaded Boot cache: C:/Users/ahmed/AppData/Local/UnrealEngine/4.10/DerivedDataCache/Boot.ddc
[2017.01.30-11.06.38:844][  0]LogDerivedDataCache: FDerivedDataBackendGraph:  Pak pak cache file ../../../../../Unreal Project/Forgotten_Blades/DerivedDataCache/DDC.ddp not found, will not use a pak cache.
[2017.01.30-11.06.38:844][  0]LogDerivedDataCache: Unable to find inner node Pak for hierarchical cache Hierarchy.
[2017.01.30-11.06.38:844][  0]LogDerivedDataCache: FDerivedDataBackendGraph:  CompressedPak pak cache file ../../../../../Unreal Project/Forgotten_Blades/DerivedDataCache/Compressed.ddp not found, will not use a pak cache.
[2017.01.30-11.06.38:844][  0]LogDerivedDataCache: Unable to find inner node CompressedPak for hierarchical cache Hierarchy.
[2017.01.30-11.06.38:919][  0]LogDerivedDataCache:Display: Pak cache opened for reading ../../../Engine/DerivedDataCache/Compressed.ddp.
[2017.01.30-11.06.38:930][  0]LogDerivedDataCache: Using Local data cache path C:/Users/ahmed/AppData/Local/UnrealEngine/Common/DerivedDataCache: Writable
[2017.01.30-11.06.39:228][  0]LogInit: Selected Device Profile: [Windows]
[2017.01.30-11.06.39:229][  0]LogContentStreaming: Texture pool size is 0.000000MB
[2017.01.30-11.06.39:285][  0]LogMeshUtilities: No automatic mesh reduction module available
[2017.01.30-11.06.39:285][  0]LogMeshUtilities: No automatic mesh merging module available
[2017.01.30-11.06.39:795][  0]LogInit: WinSock: version 1.1 (2.2), MaxSocks=32767, MaxUdp=65467
[2017.01.30-11.06.40:802][  0]UdpMessaging: Initializing bridge on interface 0.0.0.0:0 to multicast group 230.0.0.1:6666.
[2017.01.30-11.06.40:869][  0]TrueSky:Warning: Instance is already set!
[2017.01.30-11.06.40:920][  0]LogAssetRegistry: FAssetRegistry took 0.0103 seconds to start up
[2017.01.30-11.06.41:182][  0]SourceControl: Info Source control is disabled
[2017.01.30-11.06.41:272][  0]SourceControl: Info Source control is disabled
[2017.01.30-11.06.41:288][  0]SourceControl: Info Source control is disabled
[2017.01.30-11.06.41:302][  0]SourceControl: Info Source control is disabled
[2017.01.30-11.06.41:708][  0]LogObj: 28803 objects as part of root set at end of initial load.
[2017.01.30-11.06.41:708][  0]LogUObjectAllocator: 6129992 out of 0 bytes used by permanent object pool.
[2017.01.30-11.06.41:780][  0]LogEngine: Initializing Engine...
[2017.01.30-11.06.41:782][  0]LogHMD: Can't find Oculus library dev build: is proper Runtime installed? Version: 0.8.0.0
[2017.01.30-11.06.41:784][  0]LogHMD: SteamVR failed to initialize.  Err: 110
[2017.01.30-11.06.41:943][  0]LogAIModule: Creating AISystem for world NewWorld
[2017.01.30-11.06.41:951][  0]LogInit: XAudio2 using 'Speakers (Conexant SmartAudio HD)' : 2 channels at 48 kHz using 32 bits per sample (channel mask 0x3)
[2017.01.30-11.06.41:964][  0]LogInit: FAudioDevice initialized.
[2017.01.30-11.06.41:989][  0]LogDerivedDataCache: Saved boot cache 0.03s 41MB C:/Users/ahmed/AppData/Local/UnrealEngine/4.10/DerivedDataCache/Boot.ddc.
[2017.01.30-11.06.41:994][  0]LogInit: Texture streaming: Enabled
[2017.01.30-11.06.42:004][  0]LogAnalytics: Creating configured Analytics provider AnalyticsET
[2017.01.30-11.06.42:004][  0]LogAnalytics: [UEEditor.Rocket.Release] APIServer = http://et2.epicgames.com/ET2/. AppVersion = 4.10.4-2872498+++depot+UE4-Releases+4.10
[2017.01.30-11.06.42:004][  0]LogAnalytics: [UEEditor.Rocket.Release] SetUserId 19aa99bc43f804ea068008bf71f17517|1d3009c41e2e4b04b158889ff5995e86|fb904355-2029-416a-b12b-998c70e615a0
[2017.01.30-11.06.42:004][  0]LogAnalytics: [UEEditor.Rocket.Release] AnalyticsET::StartSession
[2017.01.30-11.06.42:020][  0]LogInit: Transaction tracking system initialized
[2017.01.30-11.06.42:081][  0]BlueprintLog: New page: Editor Load
[2017.01.30-11.06.42:700][  0]LocalizationService: Info Localization service is disabled
[2017.01.30-11.06.42:840][  0]LogConsoleResponse:Display: 
[2017.01.30-11.06.42:995][  0]LogCook:Display: Done creating registry. It took  0.00s.
[2017.01.30-11.06.43:088][  0]LogFileCache: Scanning file cache for directory 'E:/Unreal Project/Forgotten_Blades/Content/' took 0.02s
[2017.01.30-11.06.43:088][  0]SourceControl: Info Source control is disabled
[2017.01.30-11.06.43:088][  0]Cmd: MAP LOAD FILE="../../../../../Unreal Project/Forgotten_Blades/Content/ThirdPersonBP/Maps/ThirdPersonExampleMap.umap" TEMPLATE=0 SHOWPROGRESS=1 FEATURELEVEL=3
[2017.01.30-11.06.43:088][  0]LightingResults: New page: Lighting Build
[2017.01.30-11.06.43:092][  0]MapCheck: New page: Map Check
[2017.01.30-11.06.43:092][  0]LightingResults: New page: Lighting Build
[2017.01.30-11.06.43:115][  0]LogParticles: Destroying 0 GPU particle simulations for FXSystem 0x000000001DEDB420
[2017.01.30-11.06.43:640][  0]LogAIModule: Creating AISystem for world ThirdPersonExampleMap
[2017.01.30-11.06.43:653][  0]LogEditorServer: Finished looking for orphan Actors (0.000 secs)
[2017.01.30-11.06.43:654][  0]Cmd: MAP CHECKDEP NOCLEARLOG
[2017.01.30-11.06.43:706][  0]MapCheck: Info Map check complete: 0 Error(s), 0 Warning(s), took 52.421ms to complete.
[2017.01.30-11.06.43:706][  0]LogFileHelpers: Loading map 'ThirdPersonExampleMap' took 0.618
[2017.01.30-11.06.43:806][  0]LogCollectionManager: Loaded 0 collections in 0.002466 seconds
[2017.01.30-11.06.43:845][  0]LogFileCache: Scanning file cache for directory 'E:/Unreal Project/Forgotten_Blades/Saved/Collections/' took 0.01s
[2017.01.30-11.06.43:845][  0]LogFileCache: Scanning file cache for directory 'E:/Unreal Project/Forgotten_Blades/Content/Developers/ahmed/Collections/' took 0.01s
[2017.01.30-11.06.43:845][  0]LogFileCache: Scanning file cache for directory 'E:/Unreal Project/Forgotten_Blades/Content/Collections/' took 0.01s
[2017.01.30-11.06.43:845][  0]LogCollectionManager: Rebuilt the GUID cache for 0 collections in 0.000002 seconds
[2017.01.30-11.06.43:853][  0]LogContentBrowser: Native class hierarchy populated in 0.0081 seconds. Added 1897 classes and 343 folders.
[2017.01.30-11.06.43:861][  0]LogContentBrowser: Native class hierarchy updated for 'WidgetCarousel' in 0.0005 seconds. Added 0 classes and 0 folders.
[2017.01.30-11.06.43:911][  0]LogContentBrowser: Native class hierarchy updated for 'AddContentDialog' in 0.0006 seconds. Added 0 classes and 0 folders.
[2017.01.30-11.06.44:011][  0]LogContentBrowser: Native class hierarchy updated for 'SceneOutliner' in 0.0005 seconds. Added 1 classes and 2 folders.
[2017.01.30-11.06.44:076][  0]LogCrashTracker: Crashtracker disabled due to settings.
[2017.01.30-11.06.44:083][  0]LogUObjectGlobals:Warning: Failed to find object 'Class None.'
[2017.01.30-11.06.44:105][  0]LogLoad: Full Startup: 8.10 seconds (BP compile: 0.10 seconds)
[2017.01.30-11.06.44:124][  0]LogOcInput: Can't find Oculus library dev build: is proper Runtime installed? Version: 0.8.0.0
[2017.01.30-11.06.44:302][  0]LogContentStreaming: Texture pool size now 400 MB
[2017.01.30-11.06.44:474][  0]LogRenderer: Reallocating scene render targets to support 752x568 (Frame:2).
[2017.01.30-11.06.44:974][  5]LogAssetRegistry: Asset discovery search completed in 4.0648 seconds
[2017.01.30-11.06.44:974][  5]LogCollectionManager: Rebuilt the object cache for 0 collections in 0.000000 seconds (found 0 objects)
[2017.01.30-11.06.44:974][  5]LogCollectionManager: Fixed up redirectors for 0 collections in 0.000021 seconds (updated 0 objects)
[2017.01.30-11.07.12:194][159]LogActorFactory: Actor Factory created Cube
[2017.01.30-11.07.13:357][222]LogActorFactory: Actor Factory created Cube
[2017.01.30-11.07.18:010][415]LogActorFactory: Actor Factory created Cube
[2017.01.30-11.07.19:123][474]LogActorFactory: Actor Factory created Cube
[2017.01.30-11.07.22:454][660]LogActorFactory: Actor Factory created Cube
[2017.01.30-11.07.23:325][705]LogActorFactory: Actor Factory created Cube
[2017.01.30-11.07.39:364][643]LogEditorViewport: Clicking on Actor (LMB): StaticMeshActor (Cube2)
[2017.01.30-11.07.42:255][810]LogEditorViewport: Clicking on Actor (LMB): StaticMeshActor (Cube3)
[2017.01.30-11.08.14:154][647]Cmd: DELETE
[2017.01.30-11.08.14:154][647]Cmd: ACTOR DELETE
[2017.01.30-11.08.14:235][647]LogEditorActor: Deleted Actor: Actor
[2017.01.30-11.08.14:280][647]LogEditorActor: Deleted 1 Actors (0.048 secs)
[2017.01.30-11.08.20:345][981]Cmd: BRUSH ADD SELECTNEWBRUSH
[2017.01.30-11.08.27:720][361]LogEditorViewport: Clicking on Actor (LMB): StaticMeshActor (Floor)
[2017.01.30-11.08.33:583][619]LogEditorViewport: Clicking on Actor (LMB): StaticMeshActor (Floor)
[2017.01.30-11.08.40:017][869]LogSavePackage: Save=1232.421509ms
[2017.01.30-11.08.40:017][869]LogSavePackage: Moving '../../../../../Unreal Project/Forgotten_Blades/Saved/ThirdPersonExampleMap31BB2B3043E1E0C915DFA7BBBE52739C.tmp' to '../../../../../Unreal Project/Forgotten_Blades/Content/ThirdPersonBP/Maps/ThirdPersonExampleMap.umap'
[2017.01.30-11.08.40:021][869]LogSavePackage: Total save time: 1254.667483ms
[2017.01.30-11.08.40:021][869]LogSavePackage:Display: Finished SavePackage ../../../../../Unreal Project/Forgotten_Blades/Content/ThirdPersonBP/Maps/ThirdPersonExampleMap.umap
[2017.01.30-11.08.41:976][954]Cmd: QUIT_EDITOR
[2017.01.30-11.08.42:180][954]LogExit: Preparing to exit.
[2017.01.30-11.08.42:920][954]LogExit: Editor shut down
[2017.01.30-11.08.42:921][954]LogExit: Transaction tracking system shut down
[2017.01.30-11.08.42:923][954]LogParticles: Destroying 0 GPU particle simulations for FXSystem 0x000000001121A2A0
[2017.01.30-11.08.42:923][954]LogParticles: Destroying 0 GPU particle simulations for FXSystem 0x000000002454AE80
[2017.01.30-11.08.42:923][954]LogParticles: Destroying 0 GPU particle simulations for FXSystem 0x0000000024178EA0
[2017.01.30-11.08.42:923][954]LogParticles: Destroying 0 GPU particle simulations for FXSystem 0x0000000030BC5A80
[2017.01.30-11.08.43:126][954]LogExit: Object subsystem successfully closed.
[2017.01.30-11.08.43:141][954]LogD3D11RHI: Shutdown
[2017.01.30-11.08.43:141][954]LogD3D11RHI: CleanupD3DDevice
[2017.01.30-11.08.43:193][954]LogD3D11RHI: ~FD3D11DynamicRHI
[2017.01.30-11.08.43:232][954]LogModuleManager: Shutting down and abandoning module CookingStats (201)
[2017.01.30-11.08.43:232][954]LogModuleManager: Shutting down and abandoning module CrashTracker (200)
[2017.01.30-11.08.43:232][954]LogModuleManager: Shutting down and abandoning module SceneOutliner (199)
[2017.01.30-11.08.43:232][954]LogModuleManager: Shutting down and abandoning module SuperSearch (198)
[2017.01.30-11.08.43:232][954]LogModuleManager: Shutting down and abandoning module WidgetCarousel (197)
[2017.01.30-11.08.43:232][954]LogModuleManager: Shutting down and abandoning module AddContentDialog (196)
[2017.01.30-11.08.43:233][954]LogModuleManager: Shutting down and abandoning module EditorWidgets (195)
[2017.01.30-11.08.43:233][954]LogModuleManager: Shutting down and abandoning module CollectionManager (194)
[2017.01.30-11.08.43:234][954]LogModuleManager: Shutting down and abandoning module StatsViewer (193)
[2017.01.30-11.08.43:234][954]LogModuleManager: Shutting down and abandoning module FoliageEdit (192)
[2017.01.30-11.08.43:234][954]LogModuleManager: Shutting down and abandoning module LandscapeEditor (191)
[2017.01.30-11.08.43:234][954]LogModuleManager: Shutting down and abandoning module ActorPickerMode (190)
[2017.01.30-11.08.43:234][954]LogModuleManager: Shutting down and abandoning module GeometryMode (189)
[2017.01.30-11.08.43:234][954]LogModuleManager: Shutting down and abandoning module TextureAlignMode (188)
[2017.01.30-11.08.43:234][954]LogModuleManager: Shutting down and abandoning module BspMode (187)
[2017.01.30-11.08.43:234][954]LogModuleManager: Shutting down and abandoning module PlacementMode (186)
[2017.01.30-11.08.43:234][954]LogModuleManager: Shutting down and abandoning module AutomationWorker (185)
[2017.01.30-11.08.43:234][954]LogModuleManager: Shutting down and abandoning module CharacterAI (184)
[2017.01.30-11.08.43:234][954]LogModuleManager: Shutting down and abandoning module SmartSnapping (183)
[2017.01.30-11.08.43:234][954]LogModuleManager: Shutting down and abandoning module ViewportSnapping (182)
[2017.01.30-11.08.43:234][954]LogModuleManager: Shutting down and abandoning module LogVisualizer (181)
[2017.01.30-11.08.43:234][954]LogModuleManager: Shutting down and abandoning module GameProjectGeneration (180)
[2017.01.30-11.08.43:234][954]LogModuleManager: Shutting down and abandoning module IntroTutorials (179)
[2017.01.30-11.08.43:234][954]LogModuleManager: Shutting down and abandoning module EditorLiveStreaming (178)
[2017.01.30-11.08.43:234][954]LogModuleManager: Shutting down and abandoning module IOSPlatformEditor (177)
[2017.01.30-11.08.43:234][954]LogModuleManager: Shutting down and abandoning module HTML5PlatformEditor (176)
[2017.01.30-11.08.43:234][954]LogModuleManager: Shutting down and abandoning module AndroidDeviceDetection (175)
[2017.01.30-11.08.43:788][954]LogModuleManager: Shutting down and abandoning module AndroidPlatformEditor (174)
[2017.01.30-11.08.43:788][954]LogModuleManager: Shutting down and abandoning module IOSRuntimeSettings (173)
[2017.01.30-11.08.43:788][954]LogModuleManager: Shutting down and abandoning module AndroidRuntimeSettings (172)
[2017.01.30-11.08.43:788][954]LogModuleManager: Shutting down and abandoning module MergeActors (171)
[2017.01.30-11.08.43:788][954]LogModuleManager: Shutting down and abandoning module SizeMap (170)
[2017.01.30-11.08.43:788][954]LogModuleManager: Shutting down and abandoning module TreeMap (169)
[2017.01.30-11.08.43:788][954]LogModuleManager: Shutting down and abandoning module ReferenceViewer (168)
[2017.01.30-11.08.43:788][954]LogModuleManager: Shutting down and abandoning module LocalizationService (167)
[2017.01.30-11.08.43:788][954]LogModuleManager: Shutting down and abandoning module LocalizationDashboard (166)
[2017.01.30-11.08.43:788][954]LogModuleManager: Shutting down and abandoning module HardwareTargeting (165)
[2017.01.30-11.08.43:788][954]LogModuleManager: Shutting down and abandoning module DeviceProfileEditor (164)
[2017.01.30-11.08.43:788][954]LogModuleManager: Shutting down and abandoning module UndoHistory (163)
[2017.01.30-11.08.43:788][954]LogModuleManager: Shutting down and abandoning module GameplayTagsEditor (162)
[2017.01.30-11.08.43:788][954]LogModuleManager: Shutting down and abandoning module UserFeedback (161)
[2017.01.30-11.08.43:788][954]LogModuleManager: Shutting down and abandoning module XmlParser (160)
[2017.01.30-11.08.43:788][954]LogModuleManager: Shutting down and abandoning module Blutility (159)
[2017.01.30-11.08.43:788][954]LogModuleManager: Shutting down and abandoning module ProjectTargetPlatformEditor (158)
[2017.01.30-11.08.43:788][954]LogModuleManager: Shutting down and abandoning module ProjectSettingsViewer (157)
[2017.01.30-11.08.43:788][954]LogModuleManager: Shutting down and abandoning module InputBindingEditor (156)
[2017.01.30-11.08.43:789][954]LogModuleManager: Shutting down and abandoning module EditorSettingsViewer (155)
[2017.01.30-11.08.43:789][954]LogModuleManager: Shutting down and abandoning module SettingsEditor (154)
[2017.01.30-11.08.43:789][954]LogModuleManager: Shutting down and abandoning module ProjectLauncher (153)
[2017.01.30-11.08.43:789][954]LogModuleManager: Shutting down and abandoning module SessionFrontend (152)
[2017.01.30-11.08.43:789][954]LogModuleManager: Shutting down and abandoning module ProfilerClient (151)
[2017.01.30-11.08.43:789][954]LogModuleManager: Shutting down and abandoning module TargetDeviceServices (150)
[2017.01.30-11.08.43:789][954]LogModuleManager: Shutting down and abandoning module DeviceManager (149)
[2017.01.30-11.08.43:789][954]LogModuleManager: Shutting down and abandoning module AutomationController (148)
[2017.01.30-11.08.43:789][954]LogModuleManager: Shutting down and abandoning module AutomationWindow (147)
[2017.01.30-11.08.43:789][954]LogModuleManager: Shutting down and abandoning module Layers (146)
[2017.01.30-11.08.43:789][954]LogModuleManager: Shutting down and abandoning module ComponentVisualizers (145)
[2017.01.30-11.08.43:789][954]LogModuleManager: Shutting down and abandoning module DetailCustomizations (144)
[2017.01.30-11.08.43:789][954]LogModuleManager: Shutting down and abandoning module PackagesDialog (143)
[2017.01.30-11.08.43:789][954]LogModuleManager: Shutting down and abandoning module Persona (142)
[2017.01.30-11.08.43:832][954]LogModuleManager: Shutting down and abandoning module Kismet (141)
[2017.01.30-11.08.43:832][954]LogModuleManager: Shutting down and abandoning module GraphEditor (140)
[2017.01.30-11.08.43:832][954]LogModuleManager: Shutting down and abandoning module ClassViewer (139)
[2017.01.30-11.08.43:832][954]LogModuleManager: Shutting down and abandoning module Toolbox (138)
[2017.01.30-11.08.43:832][954]LogModuleManager: Shutting down and abandoning module ModuleUI (137)
[2017.01.30-11.08.43:832][954]LogModuleManager: Shutting down and abandoning module MovieSceneTools (136)
[2017.01.30-11.08.43:832][954]LogModuleManager: Shutting down and abandoning module OutputLog (135)
[2017.01.30-11.08.43:832][954]LogModuleManager: Shutting down and abandoning module GammaUI (134)
[2017.01.30-11.08.43:832][954]LogModuleManager: Shutting down and abandoning module Documentation (133)
[2017.01.30-11.08.43:832][954]LogModuleManager: Shutting down and abandoning module GameLiveStreaming (132)
[2017.01.30-11.08.43:832][954]LogModuleManager: Shutting down and abandoning module StreamingPauseRendering (131)
[2017.01.30-11.08.43:832][954]LogModuleManager: Shutting down and abandoning module AnalyticsET (130)
[2017.01.30-11.08.43:832][954]LogModuleManager: Shutting down and abandoning module Analytics (129)
[2017.01.30-11.08.43:832][954]LogModuleManager: Shutting down and abandoning module AITestSuite (128)
[2017.01.30-11.08.43:832][954]LogModuleManager: Shutting down and abandoning module GameplayDebugger (127)
[2017.01.30-11.08.43:832][954]LogModuleManager: Shutting down and abandoning module AIModule (126)
[2017.01.30-11.08.43:832][954]LogModuleManager: Shutting down and abandoning module ProfilerService (125)
[2017.01.30-11.08.44:039][954]LogModuleManager: Shutting down and abandoning module TaskGraph (124)
[2017.01.30-11.08.44:039][954]LogModuleManager: Shutting down and abandoning module TrueSkyEditorPlugin (123)
[2017.01.30-11.08.44:039][954]LogModuleManager: Shutting down and abandoning module SlateRemote (122)
[2017.01.30-11.08.44:039][954]LogModuleManager: Shutting down and abandoning module SteamVRController (121)
[2017.01.30-11.08.44:039][954]LogModuleManager: Shutting down and abandoning module SteamVR (120)
[2017.01.30-11.08.44:039][954]LogModuleManager: Shutting down and abandoning module ProceduralMeshComponent (119)
[2017.01.30-11.08.44:039][954]LogModuleManager: Shutting down and abandoning module OculusLibrary (118)
[2017.01.30-11.08.44:039][954]LogModuleManager: Shutting down and abandoning module OculusInput (117)
[2017.01.30-11.08.44:039][954]LogModuleManager: Shutting down and abandoning module LeapMotionController (116)
[2017.01.30-11.08.44:062][954]LogModuleManager: Shutting down and abandoning module CustomMeshComponent (115)
[2017.01.30-11.08.44:062][954]LogModuleManager: Shutting down and abandoning module CableComponent (114)
[2017.01.30-11.08.44:062][954]LogModuleManager: Shutting down and abandoning module ArchVisCharacter (113)
[2017.01.30-11.08.44:062][954]LogModuleManager: Shutting down and abandoning module MessagingDebugger (112)
[2017.01.30-11.08.44:062][954]LogModuleManager: Shutting down and abandoning module MediaPlayerEditor (111)
[2017.01.30-11.08.44:062][954]LogModuleManager: Shutting down and abandoning module HTML5Networking (110)
[2017.01.30-11.08.44:062][954]LogModuleManager: Shutting down and abandoning module SpeedTreeImporter (109)
[2017.01.30-11.08.44:062][954]LogModuleManager: Shutting down and abandoning module PluginBrowser (108)
[2017.01.30-11.08.44:062][954]LogModuleManager: Shutting down and abandoning module EpicSurvey (107)
[2017.01.30-11.08.44:062][954]LogModuleManager: Shutting down and abandoning module DesktopPlatform (106)
[2017.01.30-11.08.44:062][954]LogModuleManager: Shutting down and abandoning module VisualStudioSourceCodeAccess (105)
[2017.01.30-11.08.44:062][954]LogModuleManager: Shutting down and abandoning module UObjectPlugin (104)
[2017.01.30-11.08.44:062][954]LogModuleManager: Shutting down and abandoning module SubversionSourceControl (103)
[2017.01.30-11.08.44:062][954]LogModuleManager: Shutting down and abandoning module PerforceSourceControl (102)
[2017.01.30-11.08.44:062][954]LogModuleManager: Shutting down and abandoning module SourceControl (101)
[2017.01.30-11.08.44:062][954]LogModuleManager: Shutting down and abandoning module GitSourceControl (100)
[2017.01.30-11.08.44:062][954]LogModuleManager: Shutting down and abandoning module LightPropagationVolumeEditor (99)
[2017.01.30-11.08.44:062][954]LogModuleManager: Shutting down and abandoning module PaperTiledImporter (98)
[2017.01.30-11.08.44:062][954]LogModuleManager: Shutting down and abandoning module PaperSpriteSheetImporter (97)
[2017.01.30-11.08.44:062][954]LogModuleManager: Shutting down and abandoning module MeshPaint (96)
[2017.01.30-11.08.44:062][954]LogModuleManager: Shutting down and abandoning module SlateReflector (95)
[2017.01.30-11.08.44:062][954]LogModuleManager: Shutting down and abandoning module HotReload (94)
[2017.01.30-11.08.44:062][954]LogModuleManager: Shutting down and abandoning module MainFrame (93)
[2017.01.30-11.08.44:062][954]LogModuleManager: Shutting down and abandoning module LevelEditor (92)
[2017.01.30-11.08.44:063][954]LogModuleManager: Shutting down and abandoning module DirectoryWatcher (91)
[2017.01.30-11.08.44:064][954]LogModuleManager: Shutting down and abandoning module AssetRegistry (90)
[2017.01.30-11.08.44:191][954]LogModuleManager: Shutting down and abandoning module ContentBrowser (89)
[2017.01.30-11.08.44:192][954]LogModuleManager: Shutting down and abandoning module Paper2DEditor (88)
[2017.01.30-11.08.44:192][954]LogModuleManager: Shutting down and abandoning module TrueSkyPlugin (87)
[2017.01.30-11.08.44:192][954]LogModuleManager: Shutting down and abandoning module UdpMessaging (86)
[2017.01.30-11.08.44:292][954]LogModuleManager: Shutting down and abandoning module LightPropagationVolumeRuntime (85)
[2017.01.30-11.08.44:292][954]LogModuleManager: Shutting down and abandoning module Paper2D (84)
[2017.01.30-11.08.44:292][954]LogModuleManager: Shutting down and abandoning module WindowsMoviePlayer (83)
[2017.01.30-11.08.44:295][954]LogModuleManager: Shutting down and abandoning module Media (82)
[2017.01.30-11.08.44:295][954]LogModuleManager: Shutting down and abandoning module WmfMedia (81)
[2017.01.30-11.08.44:296][954]LogModuleManager: Shutting down and abandoning module OnlineBlueprintSupport (80)
[2017.01.30-11.08.44:296][954]LogModuleManager: Shutting down and abandoning module GameplayTasksEditor (79)
[2017.01.30-11.08.44:296][954]LogModuleManager: Shutting down and abandoning module PropertyEditor (78)
[2017.01.30-11.08.44:296][954]LogModuleManager: Shutting down and abandoning module BehaviorTreeEditor (77)
[2017.01.30-11.08.44:296][954]LogModuleManager: Shutting down and abandoning module FunctionalTesting (76)
[2017.01.30-11.08.44:296][954]LogModuleManager: Shutting down and abandoning module CollisionAnalyzer (75)
[2017.01.30-11.08.44:296][954]LogModuleManager: Shutting down and abandoning module WorkspaceMenuStructure (74)
[2017.01.30-11.08.44:296][954]LogModuleManager: Shutting down and abandoning module MessageLog (73)
[2017.01.30-11.08.44:296][954]LogModuleManager: Shutting down and abandoning module Sequencer (72)
[2017.01.30-11.08.44:296][954]LogModuleManager: Shutting down and abandoning module AssetTools (71)
[2017.01.30-11.08.44:296][954]LogModuleManager: Shutting down and abandoning module UMGEditor (70)
[2017.01.30-11.08.44:296][954]LogModuleManager: Shutting down and abandoning module UMG (69)
[2017.01.30-11.08.44:296][954]LogModuleManager: Shutting down and abandoning module Slate (68)
[2017.01.30-11.08.44:296][954]LogModuleManager: Shutting down and abandoning module EditorStyle (67)
[2017.01.30-11.08.44:298][954]LogModuleManager: Shutting down and abandoning module SessionServices (66)
[2017.01.30-11.08.44:298][954]LogModuleManager: Shutting down and abandoning module SourceCodeAccess (65)
[2017.01.30-11.08.44:298][954]LogModuleManager: Shutting down and abandoning module HeadMountedDisplay (64)
[2017.01.30-11.08.44:298][954]LogModuleManager: Shutting down and abandoning module XAudio2 (63)
[2017.01.30-11.08.44:298][954]LogModuleManager: Shutting down and abandoning module Networking (61)
[2017.01.30-11.08.44:298][954]LogModuleManager: Shutting down and abandoning module Core (60)
[2017.01.30-11.08.44:298][954]LogModuleManager: Shutting down and abandoning module KismetCompiler (59)
[2017.01.30-11.08.44:298][954]LogModuleManager: Shutting down and abandoning module PhysXFormats (58)
[2017.01.30-11.08.44:298][954]LogModuleManager: Shutting down and abandoning module MeshUtilities (57)
[2017.01.30-11.08.44:298][954]LogModuleManager: Shutting down and abandoning module DerivedDataCache (56)
[2017.01.30-11.08.44:356][954]LogDerivedDataCache: Shutdown
[2017.01.30-11.08.44:356][954]LogModuleManager: Shutting down and abandoning module ShaderFormatOpenGL (55)
[2017.01.30-11.08.44:356][954]LogModuleManager: Shutting down and abandoning module ShaderFormatD3D (54)
[2017.01.30-11.08.44:356][954]LogModuleManager: Shutting down and abandoning module MetalShaderFormat (53)
[2017.01.30-11.08.44:356][954]LogModuleManager: Shutting down and abandoning module TextureFormatUncompressed (52)
[2017.01.30-11.08.44:356][954]LogModuleManager: Shutting down and abandoning module TextureFormatPVR (51)
[2017.01.30-11.08.44:356][954]LogModuleManager: Shutting down and abandoning module TextureFormatIntelISPCTexComp (50)
[2017.01.30-11.08.44:356][954]LogModuleManager: Shutting down and abandoning module TextureFormatDXT (49)
[2017.01.30-11.08.44:356][954]LogModuleManager: Shutting down and abandoning module ImageWrapper (48)
[2017.01.30-11.08.44:356][954]LogModuleManager: Shutting down and abandoning module TextureFormatASTC (47)
[2017.01.30-11.08.44:356][954]LogModuleManager: Shutting down and abandoning module TextureFormatAndroid (46)
[2017.01.30-11.08.44:356][954]LogModuleManager: Shutting down and abandoning module AudioFormatOpus (45)
[2017.01.30-11.08.44:356][954]LogModuleManager: Shutting down and abandoning module AudioFormatOgg (44)
[2017.01.30-11.08.44:356][954]LogModuleManager: Shutting down and abandoning module AudioFormatADPCM (43)
[2017.01.30-11.08.44:356][954]LogModuleManager: Shutting down and abandoning module LinuxTargetPlatform (42)
[2017.01.30-11.08.44:356][954]LogModuleManager: Shutting down and abandoning module LinuxServerTargetPlatform (41)
[2017.01.30-11.08.44:356][954]LogModuleManager: Shutting down and abandoning module LinuxNoEditorTargetPlatform (40)
[2017.01.30-11.08.44:356][954]LogModuleManager: Shutting down and abandoning module Messaging (39)
[2017.01.30-11.08.44:356][954]LogModuleManager: Shutting down and abandoning module IOSTargetPlatform (38)
[2017.01.30-11.08.44:356][954]LogModuleManager: Shutting down and abandoning module HTML5TargetPlatform (37)
[2017.01.30-11.08.44:356][954]LogModuleManager: Shutting down and abandoning module Android_PVRTCTargetPlatform (36)
[2017.01.30-11.08.44:356][954]LogModuleManager: Shutting down and abandoning module Android_MultiTargetPlatform (35)
[2017.01.30-11.08.44:356][954]LogModuleManager: Shutting down and abandoning module Android_ETC2TargetPlatform (34)
[2017.01.30-11.08.44:356][954]LogModuleManager: Shutting down and abandoning module Android_ETC1TargetPlatform (33)
[2017.01.30-11.08.44:356][954]LogModuleManager: Shutting down and abandoning module Android_DXTTargetPlatform (32)
[2017.01.30-11.08.44:356][954]LogModuleManager: Shutting down and abandoning module Android_ATCTargetPlatform (31)
[2017.01.30-11.08.44:356][954]LogModuleManager: Shutting down and abandoning module Android_ASTCTargetPlatform (30)
[2017.01.30-11.08.44:356][954]LogModuleManager: Shutting down and abandoning module AndroidTargetPlatform (29)
[2017.01.30-11.08.44:356][954]LogModuleManager: Shutting down and abandoning module WindowsTargetPlatform (28)
[2017.01.30-11.08.44:356][954]LogModuleManager: Shutting down and abandoning module WindowsServerTargetPlatform (27)
[2017.01.30-11.08.44:356][954]LogModuleManager: Shutting down and abandoning module WindowsNoEditorTargetPlatform (26)
[2017.01.30-11.08.44:356][954]LogModuleManager: Shutting down and abandoning module WindowsClientTargetPlatform (25)
[2017.01.30-11.08.44:357][954]LogModuleManager: Shutting down and abandoning module AllDesktopTargetPlatform (24)
[2017.01.30-11.08.44:357][954]LogModuleManager: Shutting down and abandoning module TargetPlatform (23)
[2017.01.30-11.08.44:357][954]LogModuleManager: Shutting down and abandoning module InputCore (22)
[2017.01.30-11.08.44:357][954]LogModuleManager: Shutting down and abandoning module Settings (21)
[2017.01.30-11.08.44:357][954]LogModuleManager: Shutting down and abandoning module OnlineSubsystem (19)
[2017.01.30-11.08.44:357][954]LogModuleManager: Shutting down and abandoning module HTTP (18)
[2017.01.30-11.08.46:857][954]LogModuleManager: Shutting down and abandoning module XMPP (17)
[2017.01.30-11.08.46:857][954]LogModuleManager: Shutting down and abandoning module OculusRift (16)
[2017.01.30-11.08.46:857][954]LogModuleManager: Shutting down and abandoning module ExampleDeviceProfileSelector (15)
[2017.01.30-11.08.46:857][954]LogModuleManager: Shutting down and abandoning module TextureCompressor (14)
[2017.01.30-11.08.46:857][954]LogModuleManager: Shutting down and abandoning module ShaderCore (13)
[2017.01.30-11.08.46:857][954]LogModuleManager: Shutting down and abandoning module Landscape (12)
[2017.01.30-11.08.46:857][954]LogModuleManager: Shutting down and abandoning module SlateRHIRenderer (11)
[2017.01.30-11.08.46:858][954]LogModuleManager: Shutting down and abandoning module OpenGLDrv (10)
[2017.01.30-11.08.46:858][954]LogModuleManager: Shutting down and abandoning module D3D11RHI (9)
[2017.01.30-11.08.46:858][954]LogModuleManager: Shutting down and abandoning module AnimGraphRuntime (8)
[2017.01.30-11.08.46:858][954]LogModuleManager: Shutting down and abandoning module Renderer (7)
[2017.01.30-11.08.46:858][954]LogModuleManager: Shutting down and abandoning module Engine (6)
[2017.01.30-11.08.46:858][954]LogModuleManager: Shutting down and abandoning module CoreUObject (5)
[2017.01.30-11.08.46:858][954]LogModuleManager: Shutting down and abandoning module NetworkFile (4)
[2017.01.30-11.08.46:858][954]LogModuleManager: Shutting down and abandoning module StreamingFile (3)
[2017.01.30-11.08.46:858][954]LogModuleManager: Shutting down and abandoning module SandboxFile (2)
[2017.01.30-11.08.46:858][954]LogModuleManager: Shutting down and abandoning module PakFile (1)
[2017.01.30-11.08.46:859][954]LogExit: Exiting.
[2017.01.30-11.08.46:861][954]Log file closed, 01/30/17 13:08:46
